<?xml version="1.0" encoding="UTF-8"?>
<!-- Generated by org.testng.reporters.JUnitReportReporter -->
<testsuite hostname="SaiSravani" failures="0" tests="4" name="practiceSeleniumFramework.tests.SubmitOrderTest" time="76.712" errors="0" timestamp="2025-05-05T16:24:53 CEST" skipped="1">
  <testcase classname="practiceSeleniumFramework.tests.SubmitOrderTest" name="SubmitOrder" time="23.120"/>
  <testcase classname="practiceSeleniumFramework.tests.SubmitOrderTest" name="SubmitOrder" time="20.179"/>
  <testcase classname="practiceSeleniumFramework.tests.SubmitOrderTest" name="SubmitOrder" time="29.801">
    <skipped/>
  </testcase> <!-- SubmitOrder -->
  <testcase classname="practiceSeleniumFramework.tests.SubmitOrderTest" name="OrderHistoryTest" time="3.612"/>
</testsuite> <!-- practiceSeleniumFramework.tests.SubmitOrderTest -->
